<?xml version="1.0" encoding="UTF-8"?>
<coverage generated="1740634918183" clover="3.2.0">
  <project timestamp="1740634918183" name="All files">
    <metrics statements="29" coveredstatements="28" conditionals="9" coveredconditionals="8" methods="4" coveredmethods="4" elements="42" coveredelements="40" complexity="0" loc="29" ncloc="29" packages="1" files="1" classes="1"/>
    <file name="store.ts" path="/Users/jimcowart/git/oss/beacon-test/src/lib/store.ts">
      <metrics statements="29" coveredstatements="28" conditionals="9" coveredconditionals="8" methods="4" coveredmethods="4"/>
      <line num="3" count="1" type="stmt"/>
      <line num="17" count="1" type="stmt"/>
      <line num="29" count="8" type="stmt"/>
      <line num="30" count="8" type="stmt"/>
      <line num="31" count="10" type="stmt"/>
      <line num="35" count="8" type="stmt"/>
      <line num="36" count="8" type="cond" truecount="1" falsecount="0"/>
      <line num="37" count="4" type="stmt"/>
      <line num="39" count="4" type="cond" truecount="1" falsecount="0"/>
      <line num="40" count="1" type="stmt"/>
      <line num="43" count="3" type="stmt"/>
      <line num="44" count="3" type="stmt"/>
      <line num="50" count="7" type="stmt"/>
      <line num="53" count="7" type="cond" truecount="1" falsecount="0"/>
      <line num="54" count="1" type="stmt"/>
      <line num="56" count="1" type="stmt"/>
      <line num="57" count="1" type="stmt"/>
      <line num="68" count="7" type="stmt"/>
      <line num="69" count="2" type="stmt"/>
      <line num="70" count="2" type="stmt"/>
      <line num="71" count="4" type="stmt"/>
      <line num="73" count="2" type="cond" truecount="5" falsecount="0"/>
      <line num="74" count="1" type="stmt"/>
      <line num="75" count="1" type="stmt"/>
      <line num="79" count="2" type="stmt"/>
      <line num="82" count="7" type="stmt"/>
      <line num="89" count="7" type="cond" truecount="0" falsecount="1"/>
      <line num="90" count="0" type="stmt"/>
      <line num="93" count="7" type="stmt"/>
    </file>
  </project>
</coverage>
