{"/Users/jimcowart/git/oss/beacon-test/src/lib/store.ts": {"path":"/Users/jimcowart/git/oss/beacon-test/src/lib/store.ts","statementMap":{"0":{"start":{"line":17,"column":0},"end":{"line":17,"column":16}},"1":{"start":{"line":3,"column":0},"end":{"line":3,"column":73}},"2":{"start":{"line":29,"column":46},"end":{"line":29,"column":71}},"3":{"start":{"line":30,"column":4},"end":{"line":32,"column":5}},"4":{"start":{"line":31,"column":8},"end":{"line":31,"column":61}},"5":{"start":{"line":35,"column":88},"end":{"line":35,"column":97}},"6":{"start":{"line":36,"column":4},"end":{"line":47,"column":5}},"7":{"start":{"line":37,"column":8},"end":{"line":46,"column":9}},"8":{"start":{"line":39,"column":12},"end":{"line":41,"column":13}},"9":{"start":{"line":40,"column":16},"end":{"line":40,"column":84}},"10":{"start":{"line":43,"column":12},"end":{"line":45,"column":14}},"11":{"start":{"line":44,"column":16},"end":{"line":44,"column":73}},"12":{"start":{"line":50,"column":20},"end":{"line":50,"column":null}},"13":{"start":{"line":53,"column":4},"end":{"line":60,"column":5}},"14":{"start":{"line":54,"column":8},"end":{"line":59,"column":9}},"15":{"start":{"line":56,"column":12},"end":{"line":58,"column":14}},"16":{"start":{"line":57,"column":16},"end":{"line":57,"column":67}},"17":{"start":{"line":68,"column":29},"end":{"line":80,"column":5}},"18":{"start":{"line":69,"column":39},"end":{"line":69,"column":41}},"19":{"start":{"line":70,"column":8},"end":{"line":72,"column":9}},"20":{"start":{"line":71,"column":12},"end":{"line":71,"column":49}},"21":{"start":{"line":73,"column":8},"end":{"line":77,"column":9}},"22":{"start":{"line":74,"column":12},"end":{"line":76,"column":13}},"23":{"start":{"line":75,"column":16},"end":{"line":75,"column":48}},"24":{"start":{"line":79,"column":8},"end":{"line":79,"column":31}},"25":{"start":{"line":82,"column":18},"end":{"line":82,"column":null}},"26":{"start":{"line":89,"column":4},"end":{"line":91,"column":5}},"27":{"start":{"line":90,"column":8},"end":{"line":90,"column":37}},"28":{"start":{"line":93,"column":4},"end":{"line":93,"column":17}}},"fnMap":{"0":{"name":"createStore","decl":{"start":{"line":17,"column":16},"end":{"line":17,"column":27}},"loc":{"start":{"line":27,"column":49},"end":{"line":94,"column":1}}},"1":{"name":"(anonymous_1)","decl":{"start":{"line":43,"column":36},"end":{"line":43,"column":39}},"loc":{"start":{"line":44,"column":16},"end":{"line":44,"column":73}}},"2":{"name":"(anonymous_2)","decl":{"start":{"line":56,"column":52},"end":{"line":56,"column":53}},"loc":{"start":{"line":56,"column":64},"end":{"line":58,"column":13}}},"3":{"name":"(anonymous_3)","decl":{"start":{"line":68,"column":29},"end":{"line":68,"column":30}},"loc":{"start":{"line":68,"column":68},"end":{"line":80,"column":5}}}},"branchMap":{"0":{"loc":{"start":{"line":36,"column":4},"end":{"line":47,"column":5}},"type":"if","locations":[{"start":{"line":36,"column":4},"end":{"line":47,"column":5}}]},"1":{"loc":{"start":{"line":39,"column":12},"end":{"line":41,"column":13}},"type":"if","locations":[{"start":{"line":39,"column":12},"end":{"line":41,"column":13}}]},"2":{"loc":{"start":{"line":53,"column":4},"end":{"line":60,"column":5}},"type":"if","locations":[{"start":{"line":53,"column":4},"end":{"line":60,"column":5}}]},"3":{"loc":{"start":{"line":73,"column":8},"end":{"line":77,"column":9}},"type":"if","locations":[{"start":{"line":73,"column":8},"end":{"line":77,"column":9}}]},"4":{"loc":{"start":{"line":73,"column":12},"end":{"line":73,"column":32}},"type":"cond-expr","locations":[{"start":{"line":73,"column":19},"end":{"line":73,"column":21}},{"start":{"line":73,"column":12},"end":{"line":73,"column":32}}]},"5":{"loc":{"start":{"line":73,"column":12},"end":{"line":73,"column":21}},"type":"binary-expr","locations":[{"start":{"line":73,"column":12},"end":{"line":73,"column":21}},{"start":{"line":73,"column":12},"end":{"line":73,"column":21}}]},"6":{"loc":{"start":{"line":89,"column":4},"end":{"line":91,"column":5}},"type":"if","locations":[{"start":{"line":89,"column":4},"end":{"line":91,"column":5}}]}},"s":{"0":1,"1":1,"2":8,"3":8,"4":10,"5":8,"6":8,"7":4,"8":4,"9":1,"10":3,"11":3,"12":7,"13":7,"14":1,"15":1,"16":1,"17":7,"18":2,"19":2,"20":4,"21":2,"22":1,"23":1,"24":2,"25":7,"26":7,"27":0,"28":7},"f":{"0":8,"1":3,"2":1,"3":2},"b":{"0":[4],"1":[1],"2":[1],"3":[1],"4":[1,1],"5":[2,2],"6":[0]}}
}
