TN:
SF:src/lib/store.ts
FN:17,createStore
FN:43,(anonymous_1)
FN:56,(anonymous_2)
FN:68,(anonymous_3)
FNF:4
FNH:4
FNDA:8,createStore
FNDA:3,(anonymous_1)
FNDA:1,(anonymous_2)
FNDA:2,(anonymous_3)
DA:3,1
DA:17,1
DA:29,8
DA:30,8
DA:31,10
DA:35,8
DA:36,8
DA:37,4
DA:39,4
DA:40,1
DA:43,3
DA:44,3
DA:50,7
DA:53,7
DA:54,1
DA:56,1
DA:57,1
DA:68,7
DA:69,2
DA:70,2
DA:71,4
DA:73,2
DA:74,1
DA:75,1
DA:79,2
DA:82,7
DA:89,7
DA:90,0
DA:93,7
LF:29
LH:28
BRDA:36,0,0,4
BRDA:39,1,0,1
BRDA:53,2,0,1
BRDA:73,3,0,1
BRDA:73,4,0,1
BRDA:73,4,1,1
BRDA:73,5,0,2
BRDA:73,5,1,2
BRDA:89,6,0,0
BRF:9
BRH:8
end_of_record
